<?xml version="1.0" encoding="UTF-8"?>
<!-- Generated by org.testng.reporters.JUnitXMLReporter -->
<testsuite hostname="DESKTOP-LUO82E1" ignored="0" name="Test" tests="6" failures="0" timestamp="01 Nov 2019 21:58:31 GMT" time="8.351" errors="0">
  <testcase name="@BeforeMethod BrowserLaunch" time="2.238" classname="TestCase.TC_002SigIn">
    <failure type="org.openqa.selenium.SessionNotCreatedException" message="session not created: This version of ChromeDriver only supports Chrome version 75
Build info: version: &amp;apos;3.11.0&amp;apos;, revision: &amp;apos;e59cfb3&amp;apos;, time: &amp;apos;2018-03-11T20:26:55.152Z&amp;apos;
System info: host: &amp;apos;DESKTOP-LUO82E1&amp;apos;, ip: &amp;apos;192.168.2.90&amp;apos;, os.name: &amp;apos;Windows 10&amp;apos;, os.arch: &amp;apos;amd64&amp;apos;, os.version: &amp;apos;10.0&amp;apos;, java.version: &amp;apos;1.8.0_221&amp;apos;
Driver info: driver.version: ChromeDriver
remote stacktrace: Backtrace:
	Ordinal0 [0x00DE1B23+1448739]
	Ordinal0 [0x00D65A11+940561]
	Ordinal0 [0x00CF2293+467603]
	Ordinal0 [0x00C8F27E+62078]
	Ordinal0 [0x00C8BBBD+48061]
	Ordinal0 [0x00CA8D19+167193]
	Ordinal0 [0x00CA88ED+166125]
	Ordinal0 [0x00CA6FFB+159739]
	Ordinal0 [0x00C909F6+68086]
	Ordinal0 [0x00C91990+72080]
	Ordinal0 [0x00C91929+71977]
	GetHandleVerifier [0x00F22E4C+1172140]
	GetHandleVerifier [0x00E7FE35+504469]
	GetHandleVerifier [0x00E7FBD0+503856]
	Ordinal0 [0x00DEC9A8+1493416]
	GetHandleVerifier [0x00E8060A+506474]
	Ordinal0 [0x00D77136+1012022]
	Ordinal0 [0x00D76FAF+1011631]
	Ordinal0 [0x00D8133B+1053499]
	Ordinal0 [0x00D814A3+1053859]
	Ordinal0 [0x00D804D5+1049813]
	BaseThreadInitThunk [0x74836359+25]
	RtlGetAppContainerNamedObjectPath [0x77097B74+228]
	RtlGetAppContainerNamedObjectPath [0x77097B44+180]
">
      <![CDATA[org.openqa.selenium.SessionNotCreatedException: session not created: This version of ChromeDriver only supports Chrome version 75
Build info: version: '3.11.0', revision: 'e59cfb3', time: '2018-03-11T20:26:55.152Z'
System info: host: 'DESKTOP-LUO82E1', ip: '192.168.2.90', os.name: 'Windows 10', os.arch: 'amd64', os.version: '10.0', java.version: '1.8.0_221'
Driver info: driver.version: ChromeDriver
remote stacktrace: Backtrace:
Ordinal0 [0x00DE1B23+1448739]
Ordinal0 [0x00D65A11+940561]
Ordinal0 [0x00CF2293+467603]
Ordinal0 [0x00C8F27E+62078]
Ordinal0 [0x00C8BBBD+48061]
Ordinal0 [0x00CA8D19+167193]
Ordinal0 [0x00CA88ED+166125]
Ordinal0 [0x00CA6FFB+159739]
Ordinal0 [0x00C909F6+68086]
Ordinal0 [0x00C91990+72080]
Ordinal0 [0x00C91929+71977]
GetHandleVerifier [0x00F22E4C+1172140]
GetHandleVerifier [0x00E7FE35+504469]
GetHandleVerifier [0x00E7FBD0+503856]
Ordinal0 [0x00DEC9A8+1493416]
GetHandleVerifier [0x00E8060A+506474]
Ordinal0 [0x00D77136+1012022]
Ordinal0 [0x00D76FAF+1011631]
Ordinal0 [0x00D8133B+1053499]
Ordinal0 [0x00D814A3+1053859]
Ordinal0 [0x00D804D5+1049813]
BaseThreadInitThunk [0x74836359+25]
RtlGetAppContainerNamedObjectPath [0x77097B74+228]
RtlGetAppContainerNamedObjectPath [0x77097B44+180]

at org.openqa.selenium.remote.W3CHandshakeResponse.lambda$new$0(W3CHandshakeResponse.java:57)
at org.openqa.selenium.remote.W3CHandshakeResponse.lambda$getResponseFunction$2(W3CHandshakeResponse.java:104)
at org.openqa.selenium.remote.ProtocolHandshake.lambda$createSession$0(ProtocolHandshake.java:123)
at java.util.stream.ReferencePipeline$3$1.accept(ReferencePipeline.java:193)
at java.util.Spliterators$ArraySpliterator.tryAdvance(Spliterators.java:958)
at java.util.stream.ReferencePipeline.forEachWithCancel(ReferencePipeline.java:126)
at java.util.stream.AbstractPipeline.copyIntoWithCancel(AbstractPipeline.java:499)
at java.util.stream.AbstractPipeline.copyInto(AbstractPipeline.java:486)
at java.util.stream.AbstractPipeline.wrapAndCopyInto(AbstractPipeline.java:472)
at java.util.stream.FindOps$FindOp.evaluateSequential(FindOps.java:152)
at java.util.stream.AbstractPipeline.evaluate(AbstractPipeline.java:234)
at java.util.stream.ReferencePipeline.findFirst(ReferencePipeline.java:464)
at org.openqa.selenium.remote.ProtocolHandshake.createSession(ProtocolHandshake.java:126)
at org.openqa.selenium.remote.ProtocolHandshake.createSession(ProtocolHandshake.java:73)
at org.openqa.selenium.remote.HttpCommandExecutor.execute(HttpCommandExecutor.java:136)
at org.openqa.selenium.remote.service.DriverCommandExecutor.execute(DriverCommandExecutor.java:83)
at org.openqa.selenium.remote.RemoteWebDriver.execute(RemoteWebDriver.java:545)
at org.openqa.selenium.remote.RemoteWebDriver.startSession(RemoteWebDriver.java:209)
at org.openqa.selenium.remote.RemoteWebDriver.<init>(RemoteWebDriver.java:132)
at org.openqa.selenium.chrome.ChromeDriver.<init>(ChromeDriver.java:181)
at org.openqa.selenium.chrome.ChromeDriver.<init>(ChromeDriver.java:168)
at org.openqa.selenium.chrome.ChromeDriver.<init>(ChromeDriver.java:123)
at TestCase.TC_002SigIn.BrowserLaunch(TC_002SigIn.java:21)
... Removed 32 stack frames]]>
    </failure>
  </testcase> <!-- @BeforeMethod BrowserLaunch -->
  <testcase name="@AfterMethod SignOut" time="0.0" classname="TestCase.TC_002SigIn">
    <skipped/>
  </testcase> <!-- @AfterMethod SignOut -->
  <testcase name="@BeforeMethod BrowserLaunch" time="1.311" classname="TestCase.TC_001CreateAccount">
    <failure type="org.openqa.selenium.SessionNotCreatedException" message="session not created: This version of ChromeDriver only supports Chrome version 75
Build info: version: &amp;apos;3.11.0&amp;apos;, revision: &amp;apos;e59cfb3&amp;apos;, time: &amp;apos;2018-03-11T20:26:55.152Z&amp;apos;
System info: host: &amp;apos;DESKTOP-LUO82E1&amp;apos;, ip: &amp;apos;192.168.2.90&amp;apos;, os.name: &amp;apos;Windows 10&amp;apos;, os.arch: &amp;apos;amd64&amp;apos;, os.version: &amp;apos;10.0&amp;apos;, java.version: &amp;apos;1.8.0_221&amp;apos;
Driver info: driver.version: ChromeDriver
remote stacktrace: Backtrace:
	Ordinal0 [0x00DE1B23+1448739]
	Ordinal0 [0x00D65A11+940561]
	Ordinal0 [0x00CF2293+467603]
	Ordinal0 [0x00C8F27E+62078]
	Ordinal0 [0x00C8BBBD+48061]
	Ordinal0 [0x00CA8D19+167193]
	Ordinal0 [0x00CA88ED+166125]
	Ordinal0 [0x00CA6FFB+159739]
	Ordinal0 [0x00C909F6+68086]
	Ordinal0 [0x00C91990+72080]
	Ordinal0 [0x00C91929+71977]
	GetHandleVerifier [0x00F22E4C+1172140]
	GetHandleVerifier [0x00E7FE35+504469]
	GetHandleVerifier [0x00E7FBD0+503856]
	Ordinal0 [0x00DEC9A8+1493416]
	GetHandleVerifier [0x00E8060A+506474]
	Ordinal0 [0x00D77136+1012022]
	Ordinal0 [0x00D76FAF+1011631]
	Ordinal0 [0x00D8133B+1053499]
	Ordinal0 [0x00D814A3+1053859]
	Ordinal0 [0x00D804D5+1049813]
	BaseThreadInitThunk [0x74836359+25]
	RtlGetAppContainerNamedObjectPath [0x77097B74+228]
	RtlGetAppContainerNamedObjectPath [0x77097B44+180]
">
      <![CDATA[org.openqa.selenium.SessionNotCreatedException: session not created: This version of ChromeDriver only supports Chrome version 75
Build info: version: '3.11.0', revision: 'e59cfb3', time: '2018-03-11T20:26:55.152Z'
System info: host: 'DESKTOP-LUO82E1', ip: '192.168.2.90', os.name: 'Windows 10', os.arch: 'amd64', os.version: '10.0', java.version: '1.8.0_221'
Driver info: driver.version: ChromeDriver
remote stacktrace: Backtrace:
Ordinal0 [0x00DE1B23+1448739]
Ordinal0 [0x00D65A11+940561]
Ordinal0 [0x00CF2293+467603]
Ordinal0 [0x00C8F27E+62078]
Ordinal0 [0x00C8BBBD+48061]
Ordinal0 [0x00CA8D19+167193]
Ordinal0 [0x00CA88ED+166125]
Ordinal0 [0x00CA6FFB+159739]
Ordinal0 [0x00C909F6+68086]
Ordinal0 [0x00C91990+72080]
Ordinal0 [0x00C91929+71977]
GetHandleVerifier [0x00F22E4C+1172140]
GetHandleVerifier [0x00E7FE35+504469]
GetHandleVerifier [0x00E7FBD0+503856]
Ordinal0 [0x00DEC9A8+1493416]
GetHandleVerifier [0x00E8060A+506474]
Ordinal0 [0x00D77136+1012022]
Ordinal0 [0x00D76FAF+1011631]
Ordinal0 [0x00D8133B+1053499]
Ordinal0 [0x00D814A3+1053859]
Ordinal0 [0x00D804D5+1049813]
BaseThreadInitThunk [0x74836359+25]
RtlGetAppContainerNamedObjectPath [0x77097B74+228]
RtlGetAppContainerNamedObjectPath [0x77097B44+180]

at org.openqa.selenium.remote.W3CHandshakeResponse.lambda$new$0(W3CHandshakeResponse.java:57)
at org.openqa.selenium.remote.W3CHandshakeResponse.lambda$getResponseFunction$2(W3CHandshakeResponse.java:104)
at org.openqa.selenium.remote.ProtocolHandshake.lambda$createSession$0(ProtocolHandshake.java:123)
at java.util.stream.ReferencePipeline$3$1.accept(ReferencePipeline.java:193)
at java.util.Spliterators$ArraySpliterator.tryAdvance(Spliterators.java:958)
at java.util.stream.ReferencePipeline.forEachWithCancel(ReferencePipeline.java:126)
at java.util.stream.AbstractPipeline.copyIntoWithCancel(AbstractPipeline.java:499)
at java.util.stream.AbstractPipeline.copyInto(AbstractPipeline.java:486)
at java.util.stream.AbstractPipeline.wrapAndCopyInto(AbstractPipeline.java:472)
at java.util.stream.FindOps$FindOp.evaluateSequential(FindOps.java:152)
at java.util.stream.AbstractPipeline.evaluate(AbstractPipeline.java:234)
at java.util.stream.ReferencePipeline.findFirst(ReferencePipeline.java:464)
at org.openqa.selenium.remote.ProtocolHandshake.createSession(ProtocolHandshake.java:126)
at org.openqa.selenium.remote.ProtocolHandshake.createSession(ProtocolHandshake.java:73)
at org.openqa.selenium.remote.HttpCommandExecutor.execute(HttpCommandExecutor.java:136)
at org.openqa.selenium.remote.service.DriverCommandExecutor.execute(DriverCommandExecutor.java:83)
at org.openqa.selenium.remote.RemoteWebDriver.execute(RemoteWebDriver.java:545)
at org.openqa.selenium.remote.RemoteWebDriver.startSession(RemoteWebDriver.java:209)
at org.openqa.selenium.remote.RemoteWebDriver.<init>(RemoteWebDriver.java:132)
at org.openqa.selenium.chrome.ChromeDriver.<init>(ChromeDriver.java:181)
at org.openqa.selenium.chrome.ChromeDriver.<init>(ChromeDriver.java:168)
at org.openqa.selenium.chrome.ChromeDriver.<init>(ChromeDriver.java:123)
at TestCase.TC_001CreateAccount.BrowserLaunch(TC_001CreateAccount.java:22)
... Removed 32 stack frames]]>
    </failure>
  </testcase> <!-- @BeforeMethod BrowserLaunch -->
  <testcase name="@AfterMethod SignOut" time="0.0" classname="TestCase.TC_001CreateAccount">
    <skipped/>
  </testcase> <!-- @AfterMethod SignOut -->
  <testcase name="@BeforeMethod BrowserLaunch" time="1.176" classname="TestCase.TC_003AddCart">
    <failure type="org.openqa.selenium.SessionNotCreatedException" message="session not created: This version of ChromeDriver only supports Chrome version 75
Build info: version: &amp;apos;3.11.0&amp;apos;, revision: &amp;apos;e59cfb3&amp;apos;, time: &amp;apos;2018-03-11T20:26:55.152Z&amp;apos;
System info: host: &amp;apos;DESKTOP-LUO82E1&amp;apos;, ip: &amp;apos;192.168.2.90&amp;apos;, os.name: &amp;apos;Windows 10&amp;apos;, os.arch: &amp;apos;amd64&amp;apos;, os.version: &amp;apos;10.0&amp;apos;, java.version: &amp;apos;1.8.0_221&amp;apos;
Driver info: driver.version: ChromeDriver
remote stacktrace: Backtrace:
	Ordinal0 [0x00DE1B23+1448739]
	Ordinal0 [0x00D65A11+940561]
	Ordinal0 [0x00CF2293+467603]
	Ordinal0 [0x00C8F27E+62078]
	Ordinal0 [0x00C8BBBD+48061]
	Ordinal0 [0x00CA8D19+167193]
	Ordinal0 [0x00CA88ED+166125]
	Ordinal0 [0x00CA6FFB+159739]
	Ordinal0 [0x00C909F6+68086]
	Ordinal0 [0x00C91990+72080]
	Ordinal0 [0x00C91929+71977]
	GetHandleVerifier [0x00F22E4C+1172140]
	GetHandleVerifier [0x00E7FE35+504469]
	GetHandleVerifier [0x00E7FBD0+503856]
	Ordinal0 [0x00DEC9A8+1493416]
	GetHandleVerifier [0x00E8060A+506474]
	Ordinal0 [0x00D77136+1012022]
	Ordinal0 [0x00D76FAF+1011631]
	Ordinal0 [0x00D8133B+1053499]
	Ordinal0 [0x00D814A3+1053859]
	Ordinal0 [0x00D804D5+1049813]
	BaseThreadInitThunk [0x74836359+25]
	RtlGetAppContainerNamedObjectPath [0x77097B74+228]
	RtlGetAppContainerNamedObjectPath [0x77097B44+180]
">
      <![CDATA[org.openqa.selenium.SessionNotCreatedException: session not created: This version of ChromeDriver only supports Chrome version 75
Build info: version: '3.11.0', revision: 'e59cfb3', time: '2018-03-11T20:26:55.152Z'
System info: host: 'DESKTOP-LUO82E1', ip: '192.168.2.90', os.name: 'Windows 10', os.arch: 'amd64', os.version: '10.0', java.version: '1.8.0_221'
Driver info: driver.version: ChromeDriver
remote stacktrace: Backtrace:
Ordinal0 [0x00DE1B23+1448739]
Ordinal0 [0x00D65A11+940561]
Ordinal0 [0x00CF2293+467603]
Ordinal0 [0x00C8F27E+62078]
Ordinal0 [0x00C8BBBD+48061]
Ordinal0 [0x00CA8D19+167193]
Ordinal0 [0x00CA88ED+166125]
Ordinal0 [0x00CA6FFB+159739]
Ordinal0 [0x00C909F6+68086]
Ordinal0 [0x00C91990+72080]
Ordinal0 [0x00C91929+71977]
GetHandleVerifier [0x00F22E4C+1172140]
GetHandleVerifier [0x00E7FE35+504469]
GetHandleVerifier [0x00E7FBD0+503856]
Ordinal0 [0x00DEC9A8+1493416]
GetHandleVerifier [0x00E8060A+506474]
Ordinal0 [0x00D77136+1012022]
Ordinal0 [0x00D76FAF+1011631]
Ordinal0 [0x00D8133B+1053499]
Ordinal0 [0x00D814A3+1053859]
Ordinal0 [0x00D804D5+1049813]
BaseThreadInitThunk [0x74836359+25]
RtlGetAppContainerNamedObjectPath [0x77097B74+228]
RtlGetAppContainerNamedObjectPath [0x77097B44+180]

at org.openqa.selenium.remote.W3CHandshakeResponse.lambda$new$0(W3CHandshakeResponse.java:57)
at org.openqa.selenium.remote.W3CHandshakeResponse.lambda$getResponseFunction$2(W3CHandshakeResponse.java:104)
at org.openqa.selenium.remote.ProtocolHandshake.lambda$createSession$0(ProtocolHandshake.java:123)
at java.util.stream.ReferencePipeline$3$1.accept(ReferencePipeline.java:193)
at java.util.Spliterators$ArraySpliterator.tryAdvance(Spliterators.java:958)
at java.util.stream.ReferencePipeline.forEachWithCancel(ReferencePipeline.java:126)
at java.util.stream.AbstractPipeline.copyIntoWithCancel(AbstractPipeline.java:499)
at java.util.stream.AbstractPipeline.copyInto(AbstractPipeline.java:486)
at java.util.stream.AbstractPipeline.wrapAndCopyInto(AbstractPipeline.java:472)
at java.util.stream.FindOps$FindOp.evaluateSequential(FindOps.java:152)
at java.util.stream.AbstractPipeline.evaluate(AbstractPipeline.java:234)
at java.util.stream.ReferencePipeline.findFirst(ReferencePipeline.java:464)
at org.openqa.selenium.remote.ProtocolHandshake.createSession(ProtocolHandshake.java:126)
at org.openqa.selenium.remote.ProtocolHandshake.createSession(ProtocolHandshake.java:73)
at org.openqa.selenium.remote.HttpCommandExecutor.execute(HttpCommandExecutor.java:136)
at org.openqa.selenium.remote.service.DriverCommandExecutor.execute(DriverCommandExecutor.java:83)
at org.openqa.selenium.remote.RemoteWebDriver.execute(RemoteWebDriver.java:545)
at org.openqa.selenium.remote.RemoteWebDriver.startSession(RemoteWebDriver.java:209)
at org.openqa.selenium.remote.RemoteWebDriver.<init>(RemoteWebDriver.java:132)
at org.openqa.selenium.chrome.ChromeDriver.<init>(ChromeDriver.java:181)
at org.openqa.selenium.chrome.ChromeDriver.<init>(ChromeDriver.java:168)
at org.openqa.selenium.chrome.ChromeDriver.<init>(ChromeDriver.java:123)
at TestCase.TC_003AddCart.BrowserLaunch(TC_003AddCart.java:28)
... Removed 32 stack frames]]>
    </failure>
  </testcase> <!-- @BeforeMethod BrowserLaunch -->
  <testcase name="@AfterMethod SignOut" time="0.0" classname="TestCase.TC_003AddCart">
    <skipped/>
  </testcase> <!-- @AfterMethod SignOut -->
  <testcase name="@BeforeMethod BrowserLaunch" time="1.173" classname="TestCase.TC_004WishList">
    <failure type="org.openqa.selenium.SessionNotCreatedException" message="session not created: This version of ChromeDriver only supports Chrome version 75
Build info: version: &amp;apos;3.11.0&amp;apos;, revision: &amp;apos;e59cfb3&amp;apos;, time: &amp;apos;2018-03-11T20:26:55.152Z&amp;apos;
System info: host: &amp;apos;DESKTOP-LUO82E1&amp;apos;, ip: &amp;apos;192.168.2.90&amp;apos;, os.name: &amp;apos;Windows 10&amp;apos;, os.arch: &amp;apos;amd64&amp;apos;, os.version: &amp;apos;10.0&amp;apos;, java.version: &amp;apos;1.8.0_221&amp;apos;
Driver info: driver.version: ChromeDriver
remote stacktrace: Backtrace:
	Ordinal0 [0x00DE1B23+1448739]
	Ordinal0 [0x00D65A11+940561]
	Ordinal0 [0x00CF2293+467603]
	Ordinal0 [0x00C8F27E+62078]
	Ordinal0 [0x00C8BBBD+48061]
	Ordinal0 [0x00CA8D19+167193]
	Ordinal0 [0x00CA88ED+166125]
	Ordinal0 [0x00CA6FFB+159739]
	Ordinal0 [0x00C909F6+68086]
	Ordinal0 [0x00C91990+72080]
	Ordinal0 [0x00C91929+71977]
	GetHandleVerifier [0x00F22E4C+1172140]
	GetHandleVerifier [0x00E7FE35+504469]
	GetHandleVerifier [0x00E7FBD0+503856]
	Ordinal0 [0x00DEC9A8+1493416]
	GetHandleVerifier [0x00E8060A+506474]
	Ordinal0 [0x00D77136+1012022]
	Ordinal0 [0x00D76FAF+1011631]
	Ordinal0 [0x00D8133B+1053499]
	Ordinal0 [0x00D814A3+1053859]
	Ordinal0 [0x00D804D5+1049813]
	BaseThreadInitThunk [0x74836359+25]
	RtlGetAppContainerNamedObjectPath [0x77097B74+228]
	RtlGetAppContainerNamedObjectPath [0x77097B44+180]
">
      <![CDATA[org.openqa.selenium.SessionNotCreatedException: session not created: This version of ChromeDriver only supports Chrome version 75
Build info: version: '3.11.0', revision: 'e59cfb3', time: '2018-03-11T20:26:55.152Z'
System info: host: 'DESKTOP-LUO82E1', ip: '192.168.2.90', os.name: 'Windows 10', os.arch: 'amd64', os.version: '10.0', java.version: '1.8.0_221'
Driver info: driver.version: ChromeDriver
remote stacktrace: Backtrace:
Ordinal0 [0x00DE1B23+1448739]
Ordinal0 [0x00D65A11+940561]
Ordinal0 [0x00CF2293+467603]
Ordinal0 [0x00C8F27E+62078]
Ordinal0 [0x00C8BBBD+48061]
Ordinal0 [0x00CA8D19+167193]
Ordinal0 [0x00CA88ED+166125]
Ordinal0 [0x00CA6FFB+159739]
Ordinal0 [0x00C909F6+68086]
Ordinal0 [0x00C91990+72080]
Ordinal0 [0x00C91929+71977]
GetHandleVerifier [0x00F22E4C+1172140]
GetHandleVerifier [0x00E7FE35+504469]
GetHandleVerifier [0x00E7FBD0+503856]
Ordinal0 [0x00DEC9A8+1493416]
GetHandleVerifier [0x00E8060A+506474]
Ordinal0 [0x00D77136+1012022]
Ordinal0 [0x00D76FAF+1011631]
Ordinal0 [0x00D8133B+1053499]
Ordinal0 [0x00D814A3+1053859]
Ordinal0 [0x00D804D5+1049813]
BaseThreadInitThunk [0x74836359+25]
RtlGetAppContainerNamedObjectPath [0x77097B74+228]
RtlGetAppContainerNamedObjectPath [0x77097B44+180]

at org.openqa.selenium.remote.W3CHandshakeResponse.lambda$new$0(W3CHandshakeResponse.java:57)
at org.openqa.selenium.remote.W3CHandshakeResponse.lambda$getResponseFunction$2(W3CHandshakeResponse.java:104)
at org.openqa.selenium.remote.ProtocolHandshake.lambda$createSession$0(ProtocolHandshake.java:123)
at java.util.stream.ReferencePipeline$3$1.accept(ReferencePipeline.java:193)
at java.util.Spliterators$ArraySpliterator.tryAdvance(Spliterators.java:958)
at java.util.stream.ReferencePipeline.forEachWithCancel(ReferencePipeline.java:126)
at java.util.stream.AbstractPipeline.copyIntoWithCancel(AbstractPipeline.java:499)
at java.util.stream.AbstractPipeline.copyInto(AbstractPipeline.java:486)
at java.util.stream.AbstractPipeline.wrapAndCopyInto(AbstractPipeline.java:472)
at java.util.stream.FindOps$FindOp.evaluateSequential(FindOps.java:152)
at java.util.stream.AbstractPipeline.evaluate(AbstractPipeline.java:234)
at java.util.stream.ReferencePipeline.findFirst(ReferencePipeline.java:464)
at org.openqa.selenium.remote.ProtocolHandshake.createSession(ProtocolHandshake.java:126)
at org.openqa.selenium.remote.ProtocolHandshake.createSession(ProtocolHandshake.java:73)
at org.openqa.selenium.remote.HttpCommandExecutor.execute(HttpCommandExecutor.java:136)
at org.openqa.selenium.remote.service.DriverCommandExecutor.execute(DriverCommandExecutor.java:83)
at org.openqa.selenium.remote.RemoteWebDriver.execute(RemoteWebDriver.java:545)
at org.openqa.selenium.remote.RemoteWebDriver.startSession(RemoteWebDriver.java:209)
at org.openqa.selenium.remote.RemoteWebDriver.<init>(RemoteWebDriver.java:132)
at org.openqa.selenium.chrome.ChromeDriver.<init>(ChromeDriver.java:181)
at org.openqa.selenium.chrome.ChromeDriver.<init>(ChromeDriver.java:168)
at org.openqa.selenium.chrome.ChromeDriver.<init>(ChromeDriver.java:123)
at TestCase.TC_004WishList.BrowserLaunch(TC_004WishList.java:28)
... Removed 32 stack frames]]>
    </failure>
  </testcase> <!-- @BeforeMethod BrowserLaunch -->
  <testcase name="@AfterMethod SignOut" time="0.0" classname="TestCase.TC_004WishList">
    <skipped/>
  </testcase> <!-- @AfterMethod SignOut -->
  <testcase name="@BeforeMethod BrowserLaunch" time="1.171" classname="TestCase.TC_005ReOrder">
    <failure type="org.openqa.selenium.SessionNotCreatedException" message="session not created: This version of ChromeDriver only supports Chrome version 75
Build info: version: &amp;apos;3.11.0&amp;apos;, revision: &amp;apos;e59cfb3&amp;apos;, time: &amp;apos;2018-03-11T20:26:55.152Z&amp;apos;
System info: host: &amp;apos;DESKTOP-LUO82E1&amp;apos;, ip: &amp;apos;192.168.2.90&amp;apos;, os.name: &amp;apos;Windows 10&amp;apos;, os.arch: &amp;apos;amd64&amp;apos;, os.version: &amp;apos;10.0&amp;apos;, java.version: &amp;apos;1.8.0_221&amp;apos;
Driver info: driver.version: ChromeDriver
remote stacktrace: Backtrace:
	Ordinal0 [0x00DE1B23+1448739]
	Ordinal0 [0x00D65A11+940561]
	Ordinal0 [0x00CF2293+467603]
	Ordinal0 [0x00C8F27E+62078]
	Ordinal0 [0x00C8BBBD+48061]
	Ordinal0 [0x00CA8D19+167193]
	Ordinal0 [0x00CA88ED+166125]
	Ordinal0 [0x00CA6FFB+159739]
	Ordinal0 [0x00C909F6+68086]
	Ordinal0 [0x00C91990+72080]
	Ordinal0 [0x00C91929+71977]
	GetHandleVerifier [0x00F22E4C+1172140]
	GetHandleVerifier [0x00E7FE35+504469]
	GetHandleVerifier [0x00E7FBD0+503856]
	Ordinal0 [0x00DEC9A8+1493416]
	GetHandleVerifier [0x00E8060A+506474]
	Ordinal0 [0x00D77136+1012022]
	Ordinal0 [0x00D76FAF+1011631]
	Ordinal0 [0x00D8133B+1053499]
	Ordinal0 [0x00D814A3+1053859]
	Ordinal0 [0x00D804D5+1049813]
	BaseThreadInitThunk [0x74836359+25]
	RtlGetAppContainerNamedObjectPath [0x77097B74+228]
	RtlGetAppContainerNamedObjectPath [0x77097B44+180]
">
      <![CDATA[org.openqa.selenium.SessionNotCreatedException: session not created: This version of ChromeDriver only supports Chrome version 75
Build info: version: '3.11.0', revision: 'e59cfb3', time: '2018-03-11T20:26:55.152Z'
System info: host: 'DESKTOP-LUO82E1', ip: '192.168.2.90', os.name: 'Windows 10', os.arch: 'amd64', os.version: '10.0', java.version: '1.8.0_221'
Driver info: driver.version: ChromeDriver
remote stacktrace: Backtrace:
Ordinal0 [0x00DE1B23+1448739]
Ordinal0 [0x00D65A11+940561]
Ordinal0 [0x00CF2293+467603]
Ordinal0 [0x00C8F27E+62078]
Ordinal0 [0x00C8BBBD+48061]
Ordinal0 [0x00CA8D19+167193]
Ordinal0 [0x00CA88ED+166125]
Ordinal0 [0x00CA6FFB+159739]
Ordinal0 [0x00C909F6+68086]
Ordinal0 [0x00C91990+72080]
Ordinal0 [0x00C91929+71977]
GetHandleVerifier [0x00F22E4C+1172140]
GetHandleVerifier [0x00E7FE35+504469]
GetHandleVerifier [0x00E7FBD0+503856]
Ordinal0 [0x00DEC9A8+1493416]
GetHandleVerifier [0x00E8060A+506474]
Ordinal0 [0x00D77136+1012022]
Ordinal0 [0x00D76FAF+1011631]
Ordinal0 [0x00D8133B+1053499]
Ordinal0 [0x00D814A3+1053859]
Ordinal0 [0x00D804D5+1049813]
BaseThreadInitThunk [0x74836359+25]
RtlGetAppContainerNamedObjectPath [0x77097B74+228]
RtlGetAppContainerNamedObjectPath [0x77097B44+180]

at org.openqa.selenium.remote.W3CHandshakeResponse.lambda$new$0(W3CHandshakeResponse.java:57)
at org.openqa.selenium.remote.W3CHandshakeResponse.lambda$getResponseFunction$2(W3CHandshakeResponse.java:104)
at org.openqa.selenium.remote.ProtocolHandshake.lambda$createSession$0(ProtocolHandshake.java:123)
at java.util.stream.ReferencePipeline$3$1.accept(ReferencePipeline.java:193)
at java.util.Spliterators$ArraySpliterator.tryAdvance(Spliterators.java:958)
at java.util.stream.ReferencePipeline.forEachWithCancel(ReferencePipeline.java:126)
at java.util.stream.AbstractPipeline.copyIntoWithCancel(AbstractPipeline.java:499)
at java.util.stream.AbstractPipeline.copyInto(AbstractPipeline.java:486)
at java.util.stream.AbstractPipeline.wrapAndCopyInto(AbstractPipeline.java:472)
at java.util.stream.FindOps$FindOp.evaluateSequential(FindOps.java:152)
at java.util.stream.AbstractPipeline.evaluate(AbstractPipeline.java:234)
at java.util.stream.ReferencePipeline.findFirst(ReferencePipeline.java:464)
at org.openqa.selenium.remote.ProtocolHandshake.createSession(ProtocolHandshake.java:126)
at org.openqa.selenium.remote.ProtocolHandshake.createSession(ProtocolHandshake.java:73)
at org.openqa.selenium.remote.HttpCommandExecutor.execute(HttpCommandExecutor.java:136)
at org.openqa.selenium.remote.service.DriverCommandExecutor.execute(DriverCommandExecutor.java:83)
at org.openqa.selenium.remote.RemoteWebDriver.execute(RemoteWebDriver.java:545)
at org.openqa.selenium.remote.RemoteWebDriver.startSession(RemoteWebDriver.java:209)
at org.openqa.selenium.remote.RemoteWebDriver.<init>(RemoteWebDriver.java:132)
at org.openqa.selenium.chrome.ChromeDriver.<init>(ChromeDriver.java:181)
at org.openqa.selenium.chrome.ChromeDriver.<init>(ChromeDriver.java:168)
at org.openqa.selenium.chrome.ChromeDriver.<init>(ChromeDriver.java:123)
at TestCase.TC_005ReOrder.BrowserLaunch(TC_005ReOrder.java:28)
... Removed 32 stack frames]]>
    </failure>
  </testcase> <!-- @BeforeMethod BrowserLaunch -->
  <testcase name="@AfterMethod SignOut" time="0.0" classname="TestCase.TC_005ReOrder">
    <skipped/>
  </testcase> <!-- @AfterMethod SignOut -->
  <testcase name="@BeforeMethod BrowserLaunch" time="1.184" classname="TestCase.TC_006SignInDataDriven">
    <failure type="org.openqa.selenium.SessionNotCreatedException" message="session not created: This version of ChromeDriver only supports Chrome version 75
Build info: version: &amp;apos;3.11.0&amp;apos;, revision: &amp;apos;e59cfb3&amp;apos;, time: &amp;apos;2018-03-11T20:26:55.152Z&amp;apos;
System info: host: &amp;apos;DESKTOP-LUO82E1&amp;apos;, ip: &amp;apos;192.168.2.90&amp;apos;, os.name: &amp;apos;Windows 10&amp;apos;, os.arch: &amp;apos;amd64&amp;apos;, os.version: &amp;apos;10.0&amp;apos;, java.version: &amp;apos;1.8.0_221&amp;apos;
Driver info: driver.version: ChromeDriver
remote stacktrace: Backtrace:
	Ordinal0 [0x00DE1B23+1448739]
	Ordinal0 [0x00D65A11+940561]
	Ordinal0 [0x00CF2293+467603]
	Ordinal0 [0x00C8F27E+62078]
	Ordinal0 [0x00C8BBBD+48061]
	Ordinal0 [0x00CA8D19+167193]
	Ordinal0 [0x00CA88ED+166125]
	Ordinal0 [0x00CA6FFB+159739]
	Ordinal0 [0x00C909F6+68086]
	Ordinal0 [0x00C91990+72080]
	Ordinal0 [0x00C91929+71977]
	GetHandleVerifier [0x00F22E4C+1172140]
	GetHandleVerifier [0x00E7FE35+504469]
	GetHandleVerifier [0x00E7FBD0+503856]
	Ordinal0 [0x00DEC9A8+1493416]
	GetHandleVerifier [0x00E8060A+506474]
	Ordinal0 [0x00D77136+1012022]
	Ordinal0 [0x00D76FAF+1011631]
	Ordinal0 [0x00D8133B+1053499]
	Ordinal0 [0x00D814A3+1053859]
	Ordinal0 [0x00D804D5+1049813]
	BaseThreadInitThunk [0x74836359+25]
	RtlGetAppContainerNamedObjectPath [0x77097B74+228]
	RtlGetAppContainerNamedObjectPath [0x77097B44+180]
">
      <![CDATA[org.openqa.selenium.SessionNotCreatedException: session not created: This version of ChromeDriver only supports Chrome version 75
Build info: version: '3.11.0', revision: 'e59cfb3', time: '2018-03-11T20:26:55.152Z'
System info: host: 'DESKTOP-LUO82E1', ip: '192.168.2.90', os.name: 'Windows 10', os.arch: 'amd64', os.version: '10.0', java.version: '1.8.0_221'
Driver info: driver.version: ChromeDriver
remote stacktrace: Backtrace:
Ordinal0 [0x00DE1B23+1448739]
Ordinal0 [0x00D65A11+940561]
Ordinal0 [0x00CF2293+467603]
Ordinal0 [0x00C8F27E+62078]
Ordinal0 [0x00C8BBBD+48061]
Ordinal0 [0x00CA8D19+167193]
Ordinal0 [0x00CA88ED+166125]
Ordinal0 [0x00CA6FFB+159739]
Ordinal0 [0x00C909F6+68086]
Ordinal0 [0x00C91990+72080]
Ordinal0 [0x00C91929+71977]
GetHandleVerifier [0x00F22E4C+1172140]
GetHandleVerifier [0x00E7FE35+504469]
GetHandleVerifier [0x00E7FBD0+503856]
Ordinal0 [0x00DEC9A8+1493416]
GetHandleVerifier [0x00E8060A+506474]
Ordinal0 [0x00D77136+1012022]
Ordinal0 [0x00D76FAF+1011631]
Ordinal0 [0x00D8133B+1053499]
Ordinal0 [0x00D814A3+1053859]
Ordinal0 [0x00D804D5+1049813]
BaseThreadInitThunk [0x74836359+25]
RtlGetAppContainerNamedObjectPath [0x77097B74+228]
RtlGetAppContainerNamedObjectPath [0x77097B44+180]

at org.openqa.selenium.remote.W3CHandshakeResponse.lambda$new$0(W3CHandshakeResponse.java:57)
at org.openqa.selenium.remote.W3CHandshakeResponse.lambda$getResponseFunction$2(W3CHandshakeResponse.java:104)
at org.openqa.selenium.remote.ProtocolHandshake.lambda$createSession$0(ProtocolHandshake.java:123)
at java.util.stream.ReferencePipeline$3$1.accept(ReferencePipeline.java:193)
at java.util.Spliterators$ArraySpliterator.tryAdvance(Spliterators.java:958)
at java.util.stream.ReferencePipeline.forEachWithCancel(ReferencePipeline.java:126)
at java.util.stream.AbstractPipeline.copyIntoWithCancel(AbstractPipeline.java:499)
at java.util.stream.AbstractPipeline.copyInto(AbstractPipeline.java:486)
at java.util.stream.AbstractPipeline.wrapAndCopyInto(AbstractPipeline.java:472)
at java.util.stream.FindOps$FindOp.evaluateSequential(FindOps.java:152)
at java.util.stream.AbstractPipeline.evaluate(AbstractPipeline.java:234)
at java.util.stream.ReferencePipeline.findFirst(ReferencePipeline.java:464)
at org.openqa.selenium.remote.ProtocolHandshake.createSession(ProtocolHandshake.java:126)
at org.openqa.selenium.remote.ProtocolHandshake.createSession(ProtocolHandshake.java:73)
at org.openqa.selenium.remote.HttpCommandExecutor.execute(HttpCommandExecutor.java:136)
at org.openqa.selenium.remote.service.DriverCommandExecutor.execute(DriverCommandExecutor.java:83)
at org.openqa.selenium.remote.RemoteWebDriver.execute(RemoteWebDriver.java:545)
at org.openqa.selenium.remote.RemoteWebDriver.startSession(RemoteWebDriver.java:209)
at org.openqa.selenium.remote.RemoteWebDriver.<init>(RemoteWebDriver.java:132)
at org.openqa.selenium.chrome.ChromeDriver.<init>(ChromeDriver.java:181)
at org.openqa.selenium.chrome.ChromeDriver.<init>(ChromeDriver.java:168)
at org.openqa.selenium.chrome.ChromeDriver.<init>(ChromeDriver.java:123)
at TestCase.TC_006SignInDataDriven.BrowserLaunch(TC_006SignInDataDriven.java:28)
... Removed 32 stack frames]]>
    </failure>
  </testcase> <!-- @BeforeMethod BrowserLaunch -->
  <testcase name="@AfterMethod SignOut" time="0.0" classname="TestCase.TC_006SignInDataDriven">
    <skipped/>
  </testcase> <!-- @AfterMethod SignOut -->
  <testcase name="CreatAccount" time="0.0" classname="TestCase.TC_002SigIn">
    <skipped/>
  </testcase> <!-- CreatAccount -->
  <testcase name="CreatAccount" time="0.0" classname="TestCase.TC_001CreateAccount">
    <skipped/>
  </testcase> <!-- CreatAccount -->
  <testcase name="AddProduct" time="0.0" classname="TestCase.TC_003AddCart">
    <skipped/>
  </testcase> <!-- AddProduct -->
  <testcase name="AddProductWishList" time="0.0" classname="TestCase.TC_004WishList">
    <skipped/>
  </testcase> <!-- AddProductWishList -->
  <testcase name="AddProductWishList" time="0.0" classname="TestCase.TC_005ReOrder">
    <skipped/>
  </testcase> <!-- AddProductWishList -->
  <testcase name="SignInAccountDataDriven" time="0.0" classname="TestCase.TC_006SignInDataDriven">
    <skipped/>
  </testcase> <!-- SignInAccountDataDriven -->
</testsuite> <!-- Test -->
