<?xml version="1.0" encoding="UTF-8"?>
<!-- Generated by org.testng.reporters.JUnitReportReporter -->
<testsuite skipped="1" hostname="DESKTOP-LUO82E1" name="TestCase.TC_005ReOrder" tests="2" failures="0" timestamp="01 Nov 2019 21:58:31 GMT" time="1.171" errors="1">
  <testcase name="AddProductWishList" time="0.000" classname="TestCase.TC_005ReOrder">
    <skipped/>
  </testcase> <!-- AddProductWishList -->
  <testcase name="BrowserLaunch" time="1.171" classname="TestCase.TC_005ReOrder">
    <error type="org.openqa.selenium.SessionNotCreatedException" message="session not created: This version of ChromeDriver only supports Chrome version 75
Build info: version: &#039;3.11.0&#039;, revision: &#039;e59cfb3&#039;, time: &#039;2018-03-11T20:26:55.152Z&#039;
System info: host: &#039;DESKTOP-LUO82E1&#039;, ip: &#039;192.168.2.90&#039;, os.name: &#039;Windows 10&#039;, os.arch: &#039;amd64&#039;, os.version: &#039;10.0&#039;, java.version: &#039;1.8.0_221&#039;
Driver info: driver.version: ChromeDriver
remote stacktrace: Backtrace:
	Ordinal0 [0x00DE1B23+1448739]
	Ordinal0 [0x00D65A11+940561]
	Ordinal0 [0x00CF2293+467603]
	Ordinal0 [0x00C8F27E+62078]
	Ordinal0 [0x00C8BBBD+48061]
	Ordinal0 [0x00CA8D19+167193]
	Ordinal0 [0x00CA88ED+166125]
	Ordinal0 [0x00CA6FFB+159739]
	Ordinal0 [0x00C909F6+68086]
	Ordinal0 [0x00C91990+72080]
	Ordinal0 [0x00C91929+71977]
	GetHandleVerifier [0x00F22E4C+1172140]
	GetHandleVerifier [0x00E7FE35+504469]
	GetHandleVerifier [0x00E7FBD0+503856]
	Ordinal0 [0x00DEC9A8+1493416]
	GetHandleVerifier [0x00E8060A+506474]
	Ordinal0 [0x00D77136+1012022]
	Ordinal0 [0x00D76FAF+1011631]
	Ordinal0 [0x00D8133B+1053499]
	Ordinal0 [0x00D814A3+1053859]
	Ordinal0 [0x00D804D5+1049813]
	BaseThreadInitThunk [0x74836359+25]
	RtlGetAppContainerNamedObjectPath [0x77097B74+228]
	RtlGetAppContainerNamedObjectPath [0x77097B44+180]
">
      <![CDATA[org.openqa.selenium.SessionNotCreatedException: session not created: This version of ChromeDriver only supports Chrome version 75
Build info: version: '3.11.0', revision: 'e59cfb3', time: '2018-03-11T20:26:55.152Z'
System info: host: 'DESKTOP-LUO82E1', ip: '192.168.2.90', os.name: 'Windows 10', os.arch: 'amd64', os.version: '10.0', java.version: '1.8.0_221'
Driver info: driver.version: ChromeDriver
remote stacktrace: Backtrace:
Ordinal0 [0x00DE1B23+1448739]
Ordinal0 [0x00D65A11+940561]
Ordinal0 [0x00CF2293+467603]
Ordinal0 [0x00C8F27E+62078]
Ordinal0 [0x00C8BBBD+48061]
Ordinal0 [0x00CA8D19+167193]
Ordinal0 [0x00CA88ED+166125]
Ordinal0 [0x00CA6FFB+159739]
Ordinal0 [0x00C909F6+68086]
Ordinal0 [0x00C91990+72080]
Ordinal0 [0x00C91929+71977]
GetHandleVerifier [0x00F22E4C+1172140]
GetHandleVerifier [0x00E7FE35+504469]
GetHandleVerifier [0x00E7FBD0+503856]
Ordinal0 [0x00DEC9A8+1493416]
GetHandleVerifier [0x00E8060A+506474]
Ordinal0 [0x00D77136+1012022]
Ordinal0 [0x00D76FAF+1011631]
Ordinal0 [0x00D8133B+1053499]
Ordinal0 [0x00D814A3+1053859]
Ordinal0 [0x00D804D5+1049813]
BaseThreadInitThunk [0x74836359+25]
RtlGetAppContainerNamedObjectPath [0x77097B74+228]
RtlGetAppContainerNamedObjectPath [0x77097B44+180]

at sun.reflect.NativeConstructorAccessorImpl.newInstance0(Native Method)
at sun.reflect.NativeConstructorAccessorImpl.newInstance(NativeConstructorAccessorImpl.java:62)
at sun.reflect.DelegatingConstructorAccessorImpl.newInstance(DelegatingConstructorAccessorImpl.java:45)
at java.lang.reflect.Constructor.newInstance(Constructor.java:423)
at org.openqa.selenium.remote.W3CHandshakeResponse.lambda$new$0(W3CHandshakeResponse.java:57)
at org.openqa.selenium.remote.W3CHandshakeResponse.lambda$getResponseFunction$2(W3CHandshakeResponse.java:104)
at org.openqa.selenium.remote.ProtocolHandshake.lambda$createSession$0(ProtocolHandshake.java:123)
at java.util.stream.ReferencePipeline$3$1.accept(ReferencePipeline.java:193)
at java.util.Spliterators$ArraySpliterator.tryAdvance(Spliterators.java:958)
at java.util.stream.ReferencePipeline.forEachWithCancel(ReferencePipeline.java:126)
at java.util.stream.AbstractPipeline.copyIntoWithCancel(AbstractPipeline.java:499)
at java.util.stream.AbstractPipeline.copyInto(AbstractPipeline.java:486)
at java.util.stream.AbstractPipeline.wrapAndCopyInto(AbstractPipeline.java:472)
at java.util.stream.FindOps$FindOp.evaluateSequential(FindOps.java:152)
at java.util.stream.AbstractPipeline.evaluate(AbstractPipeline.java:234)
at java.util.stream.ReferencePipeline.findFirst(ReferencePipeline.java:464)
at org.openqa.selenium.remote.ProtocolHandshake.createSession(ProtocolHandshake.java:126)
at org.openqa.selenium.remote.ProtocolHandshake.createSession(ProtocolHandshake.java:73)
at org.openqa.selenium.remote.HttpCommandExecutor.execute(HttpCommandExecutor.java:136)
at org.openqa.selenium.remote.service.DriverCommandExecutor.execute(DriverCommandExecutor.java:83)
at org.openqa.selenium.remote.RemoteWebDriver.execute(RemoteWebDriver.java:545)
at org.openqa.selenium.remote.RemoteWebDriver.startSession(RemoteWebDriver.java:209)
at org.openqa.selenium.remote.RemoteWebDriver.<init>(RemoteWebDriver.java:132)
at org.openqa.selenium.chrome.ChromeDriver.<init>(ChromeDriver.java:181)
at org.openqa.selenium.chrome.ChromeDriver.<init>(ChromeDriver.java:168)
at org.openqa.selenium.chrome.ChromeDriver.<init>(ChromeDriver.java:123)
at TestCase.TC_005ReOrder.BrowserLaunch(TC_005ReOrder.java:28)
at sun.reflect.NativeMethodAccessorImpl.invoke0(Native Method)
at sun.reflect.NativeMethodAccessorImpl.invoke(NativeMethodAccessorImpl.java:62)
at sun.reflect.DelegatingMethodAccessorImpl.invoke(DelegatingMethodAccessorImpl.java:43)
at java.lang.reflect.Method.invoke(Method.java:498)
at org.testng.internal.MethodInvocationHelper.invokeMethod(MethodInvocationHelper.java:124)
at org.testng.internal.MethodInvocationHelper.invokeMethodConsideringTimeout(MethodInvocationHelper.java:59)
at org.testng.internal.Invoker.invokeConfigurationMethod(Invoker.java:458)
at org.testng.internal.Invoker.invokeConfigurations(Invoker.java:222)
at org.testng.internal.Invoker.invokeMethod(Invoker.java:523)
at org.testng.internal.Invoker.invokeTestMethod(Invoker.java:719)
at org.testng.internal.Invoker.invokeTestMethods(Invoker.java:989)
at org.testng.internal.TestMethodWorker.invokeTestMethods(TestMethodWorker.java:125)
at org.testng.internal.TestMethodWorker.run(TestMethodWorker.java:109)
at org.testng.TestRunner.privateRun(TestRunner.java:648)
at org.testng.TestRunner.run(TestRunner.java:505)
at org.testng.SuiteRunner.runTest(SuiteRunner.java:455)
at org.testng.SuiteRunner.runSequentially(SuiteRunner.java:450)
at org.testng.SuiteRunner.privateRun(SuiteRunner.java:415)
at org.testng.SuiteRunner.run(SuiteRunner.java:364)
at org.testng.SuiteRunnerWorker.runSuite(SuiteRunnerWorker.java:52)
at org.testng.SuiteRunnerWorker.run(SuiteRunnerWorker.java:84)
at org.testng.TestNG.runSuitesSequentially(TestNG.java:1208)
at org.testng.TestNG.runSuitesLocally(TestNG.java:1137)
at org.testng.TestNG.runSuites(TestNG.java:1049)
at org.testng.TestNG.run(TestNG.java:1017)
at org.testng.remote.AbstractRemoteTestNG.run(AbstractRemoteTestNG.java:115)
at org.testng.remote.RemoteTestNG.initAndRun(RemoteTestNG.java:251)
at org.testng.remote.RemoteTestNG.main(RemoteTestNG.java:77)
]]>
    </error>
  </testcase> <!-- BrowserLaunch -->
</testsuite> <!-- TestCase.TC_005ReOrder -->
