<?xml version="1.0" encoding="UTF-8"?>
<!-- Generated by org.testng.reporters.JUnitXMLReporter -->
<testsuite hostname="DESKTOP-LUO82E1" ignored="0" name="Default test" tests="1" failures="0" timestamp="04 Nov 2019 14:14:57 GMT" time="2.465" errors="0">
  <testcase name="@BeforeMethod BrowserLaunch" time="2.408" classname="TestCase.TC_002SigIn">
    <failure type="org.openqa.selenium.SessionNotCreatedException" message="session not created: This version of ChromeDriver only supports Chrome version 79
Build info: version: &amp;apos;3.11.0&amp;apos;, revision: &amp;apos;e59cfb3&amp;apos;, time: &amp;apos;2018-03-11T20:26:55.152Z&amp;apos;
System info: host: &amp;apos;DESKTOP-LUO82E1&amp;apos;, ip: &amp;apos;192.168.2.90&amp;apos;, os.name: &amp;apos;Windows 10&amp;apos;, os.arch: &amp;apos;amd64&amp;apos;, os.version: &amp;apos;10.0&amp;apos;, java.version: &amp;apos;1.8.0_221&amp;apos;
Driver info: driver.version: ChromeDriver
remote stacktrace: Backtrace:
	Ordinal0 [0x00269F93+1548179]
	Ordinal0 [0x001EDC51+1039441]
	Ordinal0 [0x0016E495+517269]
	Ordinal0 [0x000FFD34+64820]
	Ordinal0 [0x000FC61E+50718]
	Ordinal0 [0x0011B797+178071]
	Ordinal0 [0x0011B59D+177565]
	Ordinal0 [0x001195FB+169467]
	Ordinal0 [0x0010160A+71178]
	Ordinal0 [0x00102690+75408]
	Ordinal0 [0x00102629+75305]
	Ordinal0 [0x00207047+1142855]
	GetHandleVerifier [0x00302996+507766]
	GetHandleVerifier [0x003026B4+507028]
	GetHandleVerifier [0x00309D97+537463]
	GetHandleVerifier [0x00303252+510002]
	Ordinal0 [0x001FF12C+1110316]
	Ordinal0 [0x0020921B+1151515]
	Ordinal0 [0x00209383+1151875]
	Ordinal0 [0x00208285+1147525]
	BaseThreadInitThunk [0x77366359+25]
	RtlGetAppContainerNamedObjectPath [0x77A87B74+228]
	RtlGetAppContainerNamedObjectPath [0x77A87B44+180]
	(No symbol) [0x00000000]
">
      <![CDATA[org.openqa.selenium.SessionNotCreatedException: session not created: This version of ChromeDriver only supports Chrome version 79
Build info: version: '3.11.0', revision: 'e59cfb3', time: '2018-03-11T20:26:55.152Z'
System info: host: 'DESKTOP-LUO82E1', ip: '192.168.2.90', os.name: 'Windows 10', os.arch: 'amd64', os.version: '10.0', java.version: '1.8.0_221'
Driver info: driver.version: ChromeDriver
remote stacktrace: Backtrace:
Ordinal0 [0x00269F93+1548179]
Ordinal0 [0x001EDC51+1039441]
Ordinal0 [0x0016E495+517269]
Ordinal0 [0x000FFD34+64820]
Ordinal0 [0x000FC61E+50718]
Ordinal0 [0x0011B797+178071]
Ordinal0 [0x0011B59D+177565]
Ordinal0 [0x001195FB+169467]
Ordinal0 [0x0010160A+71178]
Ordinal0 [0x00102690+75408]
Ordinal0 [0x00102629+75305]
Ordinal0 [0x00207047+1142855]
GetHandleVerifier [0x00302996+507766]
GetHandleVerifier [0x003026B4+507028]
GetHandleVerifier [0x00309D97+537463]
GetHandleVerifier [0x00303252+510002]
Ordinal0 [0x001FF12C+1110316]
Ordinal0 [0x0020921B+1151515]
Ordinal0 [0x00209383+1151875]
Ordinal0 [0x00208285+1147525]
BaseThreadInitThunk [0x77366359+25]
RtlGetAppContainerNamedObjectPath [0x77A87B74+228]
RtlGetAppContainerNamedObjectPath [0x77A87B44+180]
(No symbol) [0x00000000]

at sun.reflect.NativeConstructorAccessorImpl.newInstance0(Native Method)
at sun.reflect.NativeConstructorAccessorImpl.newInstance(NativeConstructorAccessorImpl.java:62)
at sun.reflect.DelegatingConstructorAccessorImpl.newInstance(DelegatingConstructorAccessorImpl.java:45)
at java.lang.reflect.Constructor.newInstance(Constructor.java:423)
at org.openqa.selenium.remote.W3CHandshakeResponse.lambda$new$0(W3CHandshakeResponse.java:57)
at org.openqa.selenium.remote.W3CHandshakeResponse.lambda$getResponseFunction$2(W3CHandshakeResponse.java:104)
at org.openqa.selenium.remote.ProtocolHandshake.lambda$createSession$0(ProtocolHandshake.java:123)
at java.util.stream.ReferencePipeline$3$1.accept(ReferencePipeline.java:193)
at java.util.Spliterators$ArraySpliterator.tryAdvance(Spliterators.java:958)
at java.util.stream.ReferencePipeline.forEachWithCancel(ReferencePipeline.java:126)
at java.util.stream.AbstractPipeline.copyIntoWithCancel(AbstractPipeline.java:499)
at java.util.stream.AbstractPipeline.copyInto(AbstractPipeline.java:486)
at java.util.stream.AbstractPipeline.wrapAndCopyInto(AbstractPipeline.java:472)
at java.util.stream.FindOps$FindOp.evaluateSequential(FindOps.java:152)
at java.util.stream.AbstractPipeline.evaluate(AbstractPipeline.java:234)
at java.util.stream.ReferencePipeline.findFirst(ReferencePipeline.java:464)
at org.openqa.selenium.remote.ProtocolHandshake.createSession(ProtocolHandshake.java:126)
at org.openqa.selenium.remote.ProtocolHandshake.createSession(ProtocolHandshake.java:73)
at org.openqa.selenium.remote.HttpCommandExecutor.execute(HttpCommandExecutor.java:136)
at org.openqa.selenium.remote.service.DriverCommandExecutor.execute(DriverCommandExecutor.java:83)
at org.openqa.selenium.remote.RemoteWebDriver.execute(RemoteWebDriver.java:545)
at org.openqa.selenium.remote.RemoteWebDriver.startSession(RemoteWebDriver.java:209)
at org.openqa.selenium.remote.RemoteWebDriver.<init>(RemoteWebDriver.java:132)
at org.openqa.selenium.chrome.ChromeDriver.<init>(ChromeDriver.java:181)
at org.openqa.selenium.chrome.ChromeDriver.<init>(ChromeDriver.java:168)
at org.openqa.selenium.chrome.ChromeDriver.<init>(ChromeDriver.java:123)
at TestCase.TC_002SigIn.BrowserLaunch(TC_002SigIn.java:23)
at sun.reflect.NativeMethodAccessorImpl.invoke0(Native Method)
at sun.reflect.NativeMethodAccessorImpl.invoke(NativeMethodAccessorImpl.java:62)
at sun.reflect.DelegatingMethodAccessorImpl.invoke(DelegatingMethodAccessorImpl.java:43)
at java.lang.reflect.Method.invoke(Method.java:498)
at org.testng.internal.MethodInvocationHelper.invokeMethod(MethodInvocationHelper.java:124)
at org.testng.internal.MethodInvocationHelper.invokeMethodConsideringTimeout(MethodInvocationHelper.java:59)
at org.testng.internal.Invoker.invokeConfigurationMethod(Invoker.java:458)
at org.testng.internal.Invoker.invokeConfigurations(Invoker.java:222)
at org.testng.internal.Invoker.invokeMethod(Invoker.java:523)
at org.testng.internal.Invoker.invokeTestMethod(Invoker.java:719)
at org.testng.internal.Invoker.invokeTestMethods(Invoker.java:989)
at org.testng.internal.TestMethodWorker.invokeTestMethods(TestMethodWorker.java:125)
at org.testng.internal.TestMethodWorker.run(TestMethodWorker.java:109)
at org.testng.TestRunner.privateRun(TestRunner.java:648)
at org.testng.TestRunner.run(TestRunner.java:505)
at org.testng.SuiteRunner.runTest(SuiteRunner.java:455)
at org.testng.SuiteRunner.runSequentially(SuiteRunner.java:450)
at org.testng.SuiteRunner.privateRun(SuiteRunner.java:415)
at org.testng.SuiteRunner.run(SuiteRunner.java:364)
at org.testng.SuiteRunnerWorker.runSuite(SuiteRunnerWorker.java:52)
at org.testng.SuiteRunnerWorker.run(SuiteRunnerWorker.java:84)
at org.testng.TestNG.runSuitesSequentially(TestNG.java:1208)
at org.testng.TestNG.runSuitesLocally(TestNG.java:1137)
at org.testng.TestNG.runSuites(TestNG.java:1049)
at org.testng.TestNG.run(TestNG.java:1017)
at org.testng.remote.AbstractRemoteTestNG.run(AbstractRemoteTestNG.java:115)
at org.testng.remote.RemoteTestNG.initAndRun(RemoteTestNG.java:251)
at org.testng.remote.RemoteTestNG.main(RemoteTestNG.java:77)
]]>
    </failure>
  </testcase> <!-- @BeforeMethod BrowserLaunch -->
  <testcase name="@AfterMethod SignOut" time="0.0" classname="TestCase.TC_002SigIn">
    <skipped/>
  </testcase> <!-- @AfterMethod SignOut -->
  <testcase name="CreatAccount" time="0.0" classname="TestCase.TC_002SigIn">
    <skipped/>
  </testcase> <!-- CreatAccount -->
</testsuite> <!-- Default test -->
